<?xml version="1.0" encoding="UTF-8"?>
<!-- Generated by org.testng.reporters.JUnitXMLReporter -->
<testsuite hostname="DESKTOP-7OTDMTD" ignored="0" name="Default test" tests="6" failures="0" timestamp="2021-06-05T12:41:55 IST" time="0.126" errors="0">
  <testcase name="libraryRegressionTestFive" time="0.015" classname="com.aamirsuhail.LibraryRegressionTests"/>
  <testcase name="libraryRegressionTestFour" time="0.0" classname="com.aamirsuhail.LibraryRegressionTests"/>
  <testcase name="libraryRegressionTestOne" time="0.0" classname="com.aamirsuhail.LibraryRegressionTests"/>
  <testcase name="libraryRegressionTestSix" time="0.0" classname="com.aamirsuhail.LibraryRegressionTests"/>
  <testcase name="libraryRegressionTestThree" time="0.0" classname="com.aamirsuhail.LibraryRegressionTests"/>
  <testcase name="libraryRegressionTestTwo" time="0.0" classname="com.aamirsuhail.LibraryRegressionTests"/>
</testsuite> <!-- Default test -->
