<?xml version="1.0" encoding="UTF-8"?>
<!-- Generated by org.testng.reporters.JUnitXMLReporter -->
<testsuite hostname="DESKTOP-7OTDMTD" ignored="0" name="Test" tests="6" failures="0" timestamp="2021-06-06T20:33:16 IST" time="0.059" errors="0">
  <testcase name="employeeSmokeTestFive" time="0.007" classname="com.aamirsuhail.EmployeeSmokeTests"/>
  <testcase name="employeeSmokeTestFour" time="0.001" classname="com.aamirsuhail.EmployeeSmokeTests"/>
  <testcase name="employeeSmokeTestOne" time="0.0" classname="com.aamirsuhail.EmployeeSmokeTests"/>
  <testcase name="employeeSmokeTestSix" time="0.001" classname="com.aamirsuhail.EmployeeSmokeTests"/>
  <testcase name="employeeSmokeTestThree" time="0.0" classname="com.aamirsuhail.EmployeeSmokeTests"/>
  <testcase name="employeeSmokeTestTwo" time="0.0" classname="com.aamirsuhail.EmployeeSmokeTests"/>
</testsuite> <!-- Test -->
